Fri Sep 03 15:38:33 2021: build-wrapper, version 6.23 (macosx-x86)
Fri Sep 03 15:38:33 2021: System name: Darwin Nodename: Antoines-MacBook-Pro.local Release: 20.5.0 Version: Darwin Kernel Version 20.5.0: Sat May  8 05:10:33 PDT 2021; root:xnu-7195.121.3~9/RELEASE_X86_64 Machine: x86_64
Fri Sep 03 15:38:33 2021: socket path: /tmp/build-wrapper-socket.FVyytS
Fri Sep 03 15:38:33 2021: dynamic library found: /private/etc/sonarsource/scanners/build-wrapper-macosx-x86-6.23/libinterceptor.dylib
Fri Sep 03 15:38:33 2021: cwd: </Users/antoinevigneau/Documents/01-Support/SUPPORT-26870/BuildWrapperTest>
Fri Sep 03 15:38:33 2021: command executed as: </etc/sonarsource/scanners/build-wrapper-macosx-x86/build-wrapper-macosx-x86 --out-dir bw-output>
Fri Sep 03 15:38:33 2021: out-dir absolute path: </Users/antoinevigneau/Documents/01-Support/SUPPORT-26870/BuildWrapperTest/bw-output>
Fri Sep 03 15:38:33 2021: command line received: <xcodebuild -project BuildWrapperTest.xcodeproj -scheme BuildWrapperTest -derivedDataPath derived_data clean build CODE_SIGNING_REQUIRED=NO>
Fri Sep 03 15:38:33 2021: env 0: <TERM_SESSION_ID=w0t0p0:438E5D2A-FAAF-4A43-B808-90B7188CE353>
Fri Sep 03 15:38:33 2021: env 1: <SSH_AUTH_SOCK=/private/tmp/com.apple.launchd.0WpjWRe6L7/Listeners>
Fri Sep 03 15:38:33 2021: env 2: <LC_TERMINAL_VERSION=3.4.8>
Fri Sep 03 15:38:33 2021: env 3: <COLORFGBG=15;0>
Fri Sep 03 15:38:33 2021: env 4: <ITERM_PROFILE=Default>
Fri Sep 03 15:38:33 2021: env 5: <XPC_FLAGS=0x0>
Fri Sep 03 15:38:33 2021: env 6: <PWD=/Users/antoinevigneau/Documents/01-Support/SUPPORT-26870/BuildWrapperTest>
Fri Sep 03 15:38:33 2021: env 7: <SHELL=/bin/zsh>
Fri Sep 03 15:38:33 2021: env 8: <__CFBundleIdentifier=com.googlecode.iterm2>
Fri Sep 03 15:38:33 2021: env 9: <LC_CTYPE=UTF-8>
Fri Sep 03 15:38:33 2021: env 10: <TERM_PROGRAM_VERSION=3.4.8>
Fri Sep 03 15:38:33 2021: env 11: <TERM_PROGRAM=iTerm.app>
Fri Sep 03 15:38:33 2021: env 12: <PATH=/Users/antoinevigneau/google-cloud-sdk/bin:/usr/local/sbin:/etc/maven/apache-maven/bin:/etc/sonarsource/scanners/sonar-scanner/bin:/Library/PostgreSQL/12/bin:/usr/local/bin:/usr/bin:/bin:/usr/sbin:/sbin:/usr/local/go/bin:/usr/local/share/dotnet:~/.dotnet/tools>
Fri Sep 03 15:38:33 2021: env 13: <LC_TERMINAL=iTerm2>
Fri Sep 03 15:38:33 2021: env 14: <COLORTERM=truecolor>
Fri Sep 03 15:38:33 2021: env 15: <COMMAND_MODE=unix2003>
Fri Sep 03 15:38:33 2021: env 16: <TERM=xterm-256color>
Fri Sep 03 15:38:33 2021: env 17: <HOME=/Users/antoinevigneau>
Fri Sep 03 15:38:33 2021: env 18: <TMPDIR=/var/folders/ww/1qpfsd4108918vklhqzclkv80000gn/T/>
Fri Sep 03 15:38:33 2021: env 19: <USER=antoinevigneau>
Fri Sep 03 15:38:33 2021: env 20: <XPC_SERVICE_NAME=0>
Fri Sep 03 15:38:33 2021: env 21: <LOGNAME=antoinevigneau>
Fri Sep 03 15:38:33 2021: env 22: <ITERM_SESSION_ID=w0t0p0:438E5D2A-FAAF-4A43-B808-90B7188CE353>
Fri Sep 03 15:38:33 2021: env 23: <__CF_USER_TEXT_ENCODING=0x0:0:0>
Fri Sep 03 15:38:33 2021: env 24: <SHLVL=1>
Fri Sep 03 15:38:33 2021: env 25: <OLDPWD=/Users/antoinevigneau/Documents/01-Support/SUPPORT-26870/BuildWrapperTest/BuildWrapperTest.xcodeproj>
Fri Sep 03 15:38:33 2021: env 26: <PROMPT=%K{235}%F{160}%n%f@%F{76}%1~%f%(!.#.$)%k >
Fri Sep 03 15:38:33 2021: env 27: <CLICOLOR=1>
Fri Sep 03 15:38:33 2021: env 28: <LSCOLORS=ExFxBxDxCxegedabagacad>
Fri Sep 03 15:38:33 2021: env 29: <JAVA_8_HOME=/Library/Internet Plug-Ins/JavaAppletPlugin.plugin/Contents/Home>
Fri Sep 03 15:38:33 2021: env 30: <JAVA_11_HOME=/Library/Java/JavaVirtualMachines/jdk-11.0.7.jdk/Contents/Home>
Fri Sep 03 15:38:33 2021: env 31: <JAVA_HOME=/Library/Java/JavaVirtualMachines/jdk-11.0.7.jdk/Contents/Home>
Fri Sep 03 15:38:33 2021: env 32: <NODE_PATH=/usr/local/lib/node_modules>
Fri Sep 03 15:38:33 2021: env 33: <_=/etc/sonarsource/scanners/build-wrapper-macosx-x86/build-wrapper-macosx-x86>
Fri Sep 03 15:38:33 2021: executing: <xcodebuild -project BuildWrapperTest.xcodeproj -scheme BuildWrapperTest -derivedDataPath derived_data clean build CODE_SIGNING_REQUIRED=NO>
Fri Sep 03 15:38:33 2021: initializing json file
Fri Sep 03 15:38:35 2021: process created with pid: 84244
Fri Sep 03 15:38:35 2021: parent pid: 84243
Fri Sep 03 15:38:35 2021: working directory: </Users/antoinevigneau/Documents/01-Support/SUPPORT-26870/BuildWrapperTest>
Fri Sep 03 15:38:35 2021: executable: </private/etc/sonarsource/scanners/build-wrapper-macosx-x86-6.23/build-wrapper-macosx-x86>
Fri Sep 03 15:38:35 2021: argv[0]: </etc/sonarsource/scanners/build-wrapper-macosx-x86/build-wrapper-macosx-x86>
Fri Sep 03 15:38:35 2021: argv[1]: <-c>
Fri Sep 03 15:38:35 2021: argv[2]: <>
Fri Sep 03 15:38:35 2021: argv[3]: <xcodebuild>
Fri Sep 03 15:38:35 2021: argv[4]: <-project>
Fri Sep 03 15:38:35 2021: argv[5]: <BuildWrapperTest.xcodeproj>
Fri Sep 03 15:38:35 2021: argv[6]: <-scheme>
Fri Sep 03 15:38:35 2021: argv[7]: <BuildWrapperTest>
Fri Sep 03 15:38:35 2021: argv[8]: <-derivedDataPath>
Fri Sep 03 15:38:35 2021: argv[9]: <derived_data>
Fri Sep 03 15:38:35 2021: argv[10]: <clean>
Fri Sep 03 15:38:35 2021: argv[11]: <build>
Fri Sep 03 15:38:35 2021: argv[12]: <CODE_SIGNING_REQUIRED=NO>
Fri Sep 03 15:38:35 2021: skipping process with pid: 84244
Fri Sep 03 15:38:35 2021: process created with pid: 84245
Fri Sep 03 15:38:35 2021: parent pid: 84244
Fri Sep 03 15:38:35 2021: working directory: </Users/antoinevigneau/Documents/01-Support/SUPPORT-26870/BuildWrapperTest>
Fri Sep 03 15:38:35 2021: executable: </private/tmp/sonarsource-build-wrapper-cache-501/usr/bin/xcodebuild>
Fri Sep 03 15:38:35 2021: argv[0]: <xcodebuild>
Fri Sep 03 15:38:35 2021: argv[1]: <-project>
Fri Sep 03 15:38:35 2021: argv[2]: <BuildWrapperTest.xcodeproj>
Fri Sep 03 15:38:35 2021: argv[3]: <-scheme>
Fri Sep 03 15:38:35 2021: argv[4]: <BuildWrapperTest>
Fri Sep 03 15:38:35 2021: argv[5]: <-derivedDataPath>
Fri Sep 03 15:38:35 2021: argv[6]: <derived_data>
Fri Sep 03 15:38:35 2021: argv[7]: <clean>
Fri Sep 03 15:38:35 2021: argv[8]: <build>
Fri Sep 03 15:38:35 2021: argv[9]: <CODE_SIGNING_REQUIRED=NO>
Fri Sep 03 15:38:35 2021: skipping process with pid: 84245
Fri Sep 03 15:38:35 2021: finalizing json file
Fri Sep 03 15:38:35 2021: returned with code: 1
